<?xml version="1.0" encoding="UTF-8"?>
<testsuite xmlns:xsi="http://www.w3.org/2001/XMLSchema-instance" xsi:noNamespaceSchemaLocation="https://maven.apache.org/surefire/maven-surefire-plugin/xsd/surefire-test-report-3.0.xsd" version="3.0" name="com.kuro.visrelayfix.VisRelayFixTest" time="0.133" tests="2" errors="0" skipped="0" failures="0">
  <properties>
[...]
</properties>
  <testcase name="disconnectedNodeCanAttachToNearbySource" classname="com.kuro.visrelayfix.VisRelayFixTest" time="0.081">
    <system-out><![CDATA[[VisRelayFix] Fixed FakeNode at dim=? (5, 64, 0) worldTime=? by linking to FakeNode at dim=? (0, 64, 0) worldTime=?.
]]></system-out>
    <system-err><![CDATA[ERROR StatusLogger Unable to locate a logging implementation, using SimpleLogger
]]></system-err>
  </testcase>
  <testcase name="transformerAddsRegistrationAndRecoveryHooks" classname="com.kuro.visrelayfix.VisRelayFixTest" time="0.007"/>
</testsuite>